<?xml version="1.0" encoding="UTF-8"?>
<!-- Generated by org.testng.reporters.JUnitReportReporter -->
<testsuite hostname="IN-BLR-L0117" name="Test.Day2" tests="1" failures="0" timestamp="10 Sep 2021 15:26:22 GMT" time="0.002" errors="0">
  <testcase name="day2" time="0.002" classname="Test.Day2"/>
</testsuite> <!-- Test.Day2 -->
