<?xml version="1.0" encoding="UTF-8"?>
<!-- Generated by org.testng.reporters.JUnitReportReporter -->
<testsuite hostname="IN-BLR-L0117" name="Test.Day4" tests="3" failures="0" timestamp="10 Sep 2021 15:26:22 GMT" time="0.007" errors="0">
  <testcase name="LoginAPIHomeLoan" time="0.005" classname="Test.Day4"/>
  <testcase name="WebloginHomeLoan" time="0.001" classname="Test.Day4"/>
  <testcase name="MobileLoginHomeLoan" time="0.001" classname="Test.Day4"/>
</testsuite> <!-- Test.Day4 -->
