<?xml version="1.0" encoding="UTF-8"?>
<!-- Generated by org.testng.reporters.JUnitReportReporter -->
<testsuite hostname="IN-BLR-L0117" name="Test.Day3" tests="2" failures="0" timestamp="10 Sep 2021 15:26:22 GMT" time="0.007" errors="0">
  <testcase name="WebloginCarLoan" time="0.001" classname="Test.Day3"/>
  <testcase name="LoginAPICarLoan" time="0.006" classname="Test.Day3"/>
</testsuite> <!-- Test.Day3 -->
