<?xml version="1.0" encoding="UTF-8"?>
<!-- Generated by org.testng.reporters.JUnitReportReporter -->
<testsuite skipped="0" hostname="IN-BLR-L0117" name="qaclickacademy.AppiumTest" tests="2" failures="0" timestamp="2021-09-11T20:39:15 IST" time="0.005" errors="0">
  <testcase name="IOSApp" time="0.004" classname="qaclickacademy.AppiumTest"/>
  <system-out/>
  <testcase name="NativeAppAndriod" time="0.001" classname="qaclickacademy.AppiumTest"/>
  <system-out/>
</testsuite> <!-- qaclickacademy.AppiumTest -->
